<?xml version="1.0" encoding="UTF-8"?>
<!-- Generated by org.testng.reporters.JUnitReportReporter -->
<testsuite hostname="DESKTOP-4FJ4BMF" failures="0" tests="1" name="gitpractice.Demo1" time="0.019" errors="0" timestamp="2021-11-11T12:36:22 IST" skipped="0">
  <testcase classname="gitpractice.Demo1" name="testDemo1" time="0.019"/>
  <system-out/>
</testsuite> <!-- gitpractice.Demo1 -->
